<?xml version="1.0" encoding="UTF-8"?>
<!-- Generated by org.testng.reporters.JUnitReportReporter -->
<testsuite skipped="5" hostname="YP1006992DT" name="advanto.framework.MyDriver" tests="6" failures="0" timestamp="14 Oct 2019 03:45:21 GMT" time="30.669" errors="0">
  <testcase name="testcases" time="0.002" classname="advanto.framework.MyDriver">
    <skipped/>
  </testcase> <!-- testcases -->
  <testcase name="testcases" time="30.657" classname="advanto.framework.MyDriver"/>
  <testcase name="testcases" time="0.001" classname="advanto.framework.MyDriver">
    <skipped/>
  </testcase> <!-- testcases -->
  <testcase name="testcases" time="0.006" classname="advanto.framework.MyDriver">
    <skipped/>
  </testcase> <!-- testcases -->
  <testcase name="testcases" time="0.002" classname="advanto.framework.MyDriver">
    <skipped/>
  </testcase> <!-- testcases -->
  <testcase name="testcases" time="0.001" classname="advanto.framework.MyDriver">
    <skipped/>
  </testcase> <!-- testcases -->
</testsuite> <!-- advanto.framework.MyDriver -->
