<?xml version="1.0" encoding="UTF-8"?>
<!-- Generated by org.testng.reporters.JUnitReportReporter -->
<testsuite skipped="3" hostname="YP1006992DT" name="com.test.MyDriver" tests="4" failures="0" timestamp="14 Oct 2019 09:41:42 GMT" time="146.879" errors="0">
  <testcase name="test" time="0.004" classname="com.test.MyDriver">
    <skipped/>
  </testcase> <!-- test -->
  <testcase name="test" time="0.008" classname="com.test.MyDriver">
    <skipped/>
  </testcase> <!-- test -->
  <testcase name="test" time="0.003" classname="com.test.MyDriver">
    <skipped/>
  </testcase> <!-- test -->
  <testcase name="test" time="146.864" classname="com.test.MyDriver"/>
</testsuite> <!-- com.test.MyDriver -->
