<?xml version="1.0" encoding="UTF-8"?>
<!-- Generated by org.testng.reporters.JUnitReportReporter -->
<testsuite hostname="YP1006992DT" name="com.driver.PinterestTestCase" tests="3" failures="0" timestamp="25 Oct 2019 03:41:33 GMT" time="3.409" errors="0">
  <testcase name="driverMethod" time="0.236" classname="com.driver.PinterestTestCase"/>
  <testcase name="driverMethod" time="0.104" classname="com.driver.PinterestTestCase"/>
  <testcase name="driverMethod" time="3.069" classname="com.driver.PinterestTestCase"/>
</testsuite> <!-- com.driver.PinterestTestCase -->
